{"/home/lisa/Documents/DEV/Project_master/auth-service/src/controllers/authController.js": {"path":"/home/lisa/Documents/DEV/Project_master/auth-service/src/controllers/authController.js","statementMap":{"0":{"start":{"line":1,"column":20},"end":{"line":1,"column":54}},"1":{"start":{"line":4,"column":0},"end":{"line":12,"column":2}},"2":{"start":{"line":5,"column":2},"end":{"line":11,"column":3}},"3":{"start":{"line":6,"column":86},"end":{"line":6,"column":94}},"4":{"start":{"line":7,"column":4},"end":{"line":7,"column":106}},"5":{"start":{"line":8,"column":4},"end":{"line":8,"column":70}},"6":{"start":{"line":10,"column":4},"end":{"line":10,"column":53}},"7":{"start":{"line":15,"column":0},"end":{"line":23,"column":2}},"8":{"start":{"line":16,"column":2},"end":{"line":22,"column":3}},"9":{"start":{"line":17,"column":32},"end":{"line":17,"column":40}},"10":{"start":{"line":18,"column":42},"end":{"line":18,"column":86}},"11":{"start":{"line":19,"column":4},"end":{"line":19,"column":55}},"12":{"start":{"line":21,"column":4},"end":{"line":21,"column":53}},"13":{"start":{"line":26,"column":0},"end":{"line":35,"column":1}},"14":{"start":{"line":27,"column":2},"end":{"line":34,"column":3}},"15":{"start":{"line":28,"column":4},"end":{"line":28,"column":67}},"16":{"start":{"line":29,"column":22},"end":{"line":29,"column":31}},"17":{"start":{"line":30,"column":4},"end":{"line":30,"column":46}},"18":{"start":{"line":31,"column":4},"end":{"line":31,"column":70}},"19":{"start":{"line":33,"column":4},"end":{"line":33,"column":53}},"20":{"start":{"line":38,"column":0},"end":{"line":46,"column":2}},"21":{"start":{"line":39,"column":2},"end":{"line":45,"column":3}},"22":{"start":{"line":40,"column":22},"end":{"line":40,"column":30}},"23":{"start":{"line":41,"column":4},"end":{"line":41,"column":50}},"24":{"start":{"line":42,"column":4},"end":{"line":42,"column":83}},"25":{"start":{"line":44,"column":4},"end":{"line":44,"column":53}},"26":{"start":{"line":49,"column":0},"end":{"line":58,"column":1}},"27":{"start":{"line":50,"column":2},"end":{"line":57,"column":3}},"28":{"start":{"line":51,"column":35},"end":{"line":51,"column":43}},"29":{"start":{"line":52,"column":4},"end":{"line":52,"column":62}},"30":{"start":{"line":53,"column":4},"end":{"line":53,"column":56}},"31":{"start":{"line":54,"column":4},"end":{"line":54,"column":72}},"32":{"start":{"line":56,"column":4},"end":{"line":56,"column":53}}},"fnMap":{"0":{"name":"(anonymous_0)","decl":{"start":{"line":4,"column":19},"end":{"line":4,"column":20}},"loc":{"start":{"line":4,"column":39},"end":{"line":12,"column":1}},"line":4},"1":{"name":"(anonymous_1)","decl":{"start":{"line":15,"column":16},"end":{"line":15,"column":17}},"loc":{"start":{"line":15,"column":36},"end":{"line":23,"column":1}},"line":15},"2":{"name":"(anonymous_2)","decl":{"start":{"line":26,"column":22},"end":{"line":26,"column":23}},"loc":{"start":{"line":26,"column":42},"end":{"line":35,"column":1}},"line":26},"3":{"name":"(anonymous_3)","decl":{"start":{"line":38,"column":32},"end":{"line":38,"column":33}},"loc":{"start":{"line":38,"column":52},"end":{"line":46,"column":1}},"line":38},"4":{"name":"(anonymous_4)","decl":{"start":{"line":49,"column":24},"end":{"line":49,"column":25}},"loc":{"start":{"line":49,"column":44},"end":{"line":58,"column":1}},"line":49}},"branchMap":{},"s":{"0":1,"1":1,"2":2,"3":2,"4":2,"5":1,"6":1,"7":1,"8":2,"9":2,"10":2,"11":1,"12":1,"13":1,"14":2,"15":2,"16":2,"17":2,"18":1,"19":1,"20":1,"21":2,"22":2,"23":2,"24":1,"25":1,"26":1,"27":2,"28":2,"29":2,"30":2,"31":1,"32":1},"f":{"0":2,"1":2,"2":2,"3":2,"4":2},"b":{},"_coverageSchema":"1a1c01bbd47fc00a2c39e90264f33305004495a9","hash":"2e38670c02dd6e9f547777a837f8cf894ef2f270"}
,"/home/lisa/Documents/DEV/Project_master/auth-service/src/services/authService.js": {"path":"/home/lisa/Documents/DEV/Project_master/auth-service/src/services/authService.js","statementMap":{"0":{"start":{"line":1,"column":18},"end":{"line":1,"column":48}},"1":{"start":{"line":2,"column":15},"end":{"line":2,"column":32}},"2":{"start":{"line":3,"column":15},"end":{"line":3,"column":32}},"3":{"start":{"line":4,"column":18},"end":{"line":4,"column":53}},"4":{"start":{"line":5,"column":15},"end":{"line":5,"column":41}},"5":{"start":{"line":6,"column":18},"end":{"line":6,"column":38}},"6":{"start":{"line":8,"column":0},"end":{"line":74,"column":2}},"7":{"start":{"line":10,"column":2},"end":{"line":12,"column":3}},"8":{"start":{"line":11,"column":4},"end":{"line":11,"column":46}},"9":{"start":{"line":15,"column":2},"end":{"line":17,"column":3}},"10":{"start":{"line":16,"column":4},"end":{"line":16,"column":75}},"11":{"start":{"line":19,"column":30},"end":{"line":19,"column":80}},"12":{"start":{"line":20,"column":2},"end":{"line":22,"column":3}},"13":{"start":{"line":21,"column":4},"end":{"line":21,"column":118}},"14":{"start":{"line":25,"column":2},"end":{"line":27,"column":3}},"15":{"start":{"line":26,"column":4},"end":{"line":26,"column":64}},"16":{"start":{"line":30,"column":2},"end":{"line":38,"column":3}},"17":{"start":{"line":31,"column":4},"end":{"line":31,"column":93}},"18":{"start":{"line":31,"column":18},"end":{"line":31,"column":93}},"19":{"start":{"line":32,"column":4},"end":{"line":34,"column":5}},"20":{"start":{"line":33,"column":6},"end":{"line":33,"column":95}},"21":{"start":{"line":35,"column":4},"end":{"line":37,"column":5}},"22":{"start":{"line":36,"column":6},"end":{"line":36,"column":83}},"23":{"start":{"line":41,"column":23},"end":{"line":41,"column":57}},"24":{"start":{"line":42,"column":2},"end":{"line":44,"column":3}},"25":{"start":{"line":43,"column":4},"end":{"line":43,"column":44}},"26":{"start":{"line":47,"column":24},"end":{"line":47,"column":55}},"27":{"start":{"line":50,"column":21},"end":{"line":50,"column":59}},"28":{"start":{"line":51,"column":25},"end":{"line":51,"column":85}},"29":{"start":{"line":52,"column":25},"end":{"line":52,"column":67}},"30":{"start":{"line":55,"column":18},"end":{"line":55,"column":143}},"31":{"start":{"line":56,"column":2},"end":{"line":58,"column":3}},"32":{"start":{"line":57,"column":4},"end":{"line":57,"column":49}},"33":{"start":{"line":59,"column":2},"end":{"line":59,"column":53}},"34":{"start":{"line":62,"column":2},"end":{"line":68,"column":3}},"35":{"start":{"line":63,"column":24},"end":{"line":63,"column":74}},"36":{"start":{"line":64,"column":4},"end":{"line":66,"column":5}},"37":{"start":{"line":65,"column":6},"end":{"line":65,"column":54}},"38":{"start":{"line":67,"column":4},"end":{"line":67,"column":62}},"39":{"start":{"line":71,"column":24},"end":{"line":71,"column":82}},"40":{"start":{"line":72,"column":2},"end":{"line":72,"column":57}},"41":{"start":{"line":73,"column":2},"end":{"line":73,"column":50}},"42":{"start":{"line":76,"column":0},"end":{"line":111,"column":2}},"43":{"start":{"line":78,"column":15},"end":{"line":78,"column":49}},"44":{"start":{"line":79,"column":2},"end":{"line":81,"column":3}},"45":{"start":{"line":80,"column":4},"end":{"line":80,"column":40}},"46":{"start":{"line":84,"column":24},"end":{"line":84,"column":74}},"47":{"start":{"line":85,"column":2},"end":{"line":87,"column":3}},"48":{"start":{"line":86,"column":4},"end":{"line":86,"column":43}},"49":{"start":{"line":90,"column":2},"end":{"line":92,"column":3}},"50":{"start":{"line":91,"column":4},"end":{"line":91,"column":42}},"51":{"start":{"line":95,"column":22},"end":{"line":95,"column":57}},"52":{"start":{"line":96,"column":23},"end":{"line":96,"column":59}},"53":{"start":{"line":99,"column":27},"end":{"line":99,"column":89}},"54":{"start":{"line":100,"column":26},"end":{"line":100,"column":87}},"55":{"start":{"line":103,"column":2},"end":{"line":105,"column":3}},"56":{"start":{"line":104,"column":4},"end":{"line":104,"column":58}},"57":{"start":{"line":107,"column":2},"end":{"line":110,"column":4}},"58":{"start":{"line":113,"column":0},"end":{"line":122,"column":2}},"59":{"start":{"line":114,"column":20},"end":{"line":114,"column":75}},"60":{"start":{"line":115,"column":14},"end":{"line":115,"column":57}},"61":{"start":{"line":116,"column":2},"end":{"line":118,"column":3}},"62":{"start":{"line":117,"column":4},"end":{"line":117,"column":48}},"63":{"start":{"line":120,"column":2},"end":{"line":120,"column":44}},"64":{"start":{"line":121,"column":2},"end":{"line":121,"column":43}},"65":{"start":{"line":125,"column":0},"end":{"line":137,"column":1}},"66":{"start":{"line":126,"column":15},"end":{"line":126,"column":49}},"67":{"start":{"line":127,"column":2},"end":{"line":127,"column":20}},"68":{"start":{"line":127,"column":13},"end":{"line":127,"column":20}},"69":{"start":{"line":129,"column":21},"end":{"line":129,"column":59}},"70":{"start":{"line":130,"column":25},"end":{"line":130,"column":85}},"71":{"start":{"line":131,"column":20},"end":{"line":131,"column":57}},"72":{"start":{"line":133,"column":2},"end":{"line":133,"column":68}},"73":{"start":{"line":135,"column":19},"end":{"line":135,"column":79}},"74":{"start":{"line":136,"column":2},"end":{"line":136,"column":55}},"75":{"start":{"line":140,"column":0},"end":{"line":150,"column":1}},"76":{"start":{"line":141,"column":20},"end":{"line":141,"column":75}},"77":{"start":{"line":142,"column":15},"end":{"line":142,"column":58}},"78":{"start":{"line":144,"column":2},"end":{"line":146,"column":3}},"79":{"start":{"line":145,"column":4},"end":{"line":145,"column":48}},"80":{"start":{"line":148,"column":18},"end":{"line":148,"column":52}},"81":{"start":{"line":149,"column":2},"end":{"line":149,"column":55}}},"fnMap":{"0":{"name":"(anonymous_0)","decl":{"start":{"line":8,"column":23},"end":{"line":8,"column":24}},"loc":{"start":{"line":8,"column":104},"end":{"line":74,"column":1}},"line":8},"1":{"name":"(anonymous_1)","decl":{"start":{"line":76,"column":20},"end":{"line":76,"column":21}},"loc":{"start":{"line":76,"column":47},"end":{"line":111,"column":1}},"line":76},"2":{"name":"(anonymous_2)","decl":{"start":{"line":113,"column":27},"end":{"line":113,"column":28}},"loc":{"start":{"line":113,"column":44},"end":{"line":122,"column":1}},"line":113},"3":{"name":"(anonymous_3)","decl":{"start":{"line":125,"column":32},"end":{"line":125,"column":33}},"loc":{"start":{"line":125,"column":49},"end":{"line":137,"column":1}},"line":125},"4":{"name":"(anonymous_4)","decl":{"start":{"line":140,"column":24},"end":{"line":140,"column":25}},"loc":{"start":{"line":140,"column":54},"end":{"line":150,"column":1}},"line":140}},"branchMap":{"0":{"loc":{"start":{"line":10,"column":2},"end":{"line":12,"column":3}},"type":"if","locations":[{"start":{"line":10,"column":2},"end":{"line":12,"column":3}},{"start":{},"end":{}}],"line":10},"1":{"loc":{"start":{"line":15,"column":2},"end":{"line":17,"column":3}},"type":"if","locations":[{"start":{"line":15,"column":2},"end":{"line":17,"column":3}},{"start":{},"end":{}}],"line":15},"2":{"loc":{"start":{"line":15,"column":6},"end":{"line":15,"column":57}},"type":"binary-expr","locations":[{"start":{"line":15,"column":6},"end":{"line":15,"column":34}},{"start":{"line":15,"column":38},"end":{"line":15,"column":57}}],"line":15},"3":{"loc":{"start":{"line":20,"column":2},"end":{"line":22,"column":3}},"type":"if","locations":[{"start":{"line":20,"column":2},"end":{"line":22,"column":3}},{"start":{},"end":{}}],"line":20},"4":{"loc":{"start":{"line":25,"column":2},"end":{"line":27,"column":3}},"type":"if","locations":[{"start":{"line":25,"column":2},"end":{"line":27,"column":3}},{"start":{},"end":{}}],"line":25},"5":{"loc":{"start":{"line":25,"column":6},"end":{"line":25,"column":39}},"type":"binary-expr","locations":[{"start":{"line":25,"column":6},"end":{"line":25,"column":21}},{"start":{"line":25,"column":25},"end":{"line":25,"column":39}}],"line":25},"6":{"loc":{"start":{"line":30,"column":2},"end":{"line":38,"column":3}},"type":"if","locations":[{"start":{"line":30,"column":2},"end":{"line":38,"column":3}},{"start":{},"end":{}}],"line":30},"7":{"loc":{"start":{"line":31,"column":4},"end":{"line":31,"column":93}},"type":"if","locations":[{"start":{"line":31,"column":4},"end":{"line":31,"column":93}},{"start":{},"end":{}}],"line":31},"8":{"loc":{"start":{"line":32,"column":4},"end":{"line":34,"column":5}},"type":"if","locations":[{"start":{"line":32,"column":4},"end":{"line":34,"column":5}},{"start":{},"end":{}}],"line":32},"9":{"loc":{"start":{"line":32,"column":8},"end":{"line":32,"column":65}},"type":"binary-expr","locations":[{"start":{"line":32,"column":8},"end":{"line":32,"column":21}},{"start":{"line":32,"column":25},"end":{"line":32,"column":45}},{"start":{"line":32,"column":49},"end":{"line":32,"column":65}}],"line":32},"10":{"loc":{"start":{"line":35,"column":4},"end":{"line":37,"column":5}},"type":"if","locations":[{"start":{"line":35,"column":4},"end":{"line":37,"column":5}},{"start":{},"end":{}}],"line":35},"11":{"loc":{"start":{"line":42,"column":2},"end":{"line":44,"column":3}},"type":"if","locations":[{"start":{"line":42,"column":2},"end":{"line":44,"column":3}},{"start":{},"end":{}}],"line":42},"12":{"loc":{"start":{"line":56,"column":2},"end":{"line":58,"column":3}},"type":"if","locations":[{"start":{"line":56,"column":2},"end":{"line":58,"column":3}},{"start":{},"end":{}}],"line":56},"13":{"loc":{"start":{"line":62,"column":2},"end":{"line":68,"column":3}},"type":"if","locations":[{"start":{"line":62,"column":2},"end":{"line":68,"column":3}},{"start":{},"end":{}}],"line":62},"14":{"loc":{"start":{"line":64,"column":4},"end":{"line":66,"column":5}},"type":"if","locations":[{"start":{"line":64,"column":4},"end":{"line":66,"column":5}},{"start":{},"end":{}}],"line":64},"15":{"loc":{"start":{"line":79,"column":2},"end":{"line":81,"column":3}},"type":"if","locations":[{"start":{"line":79,"column":2},"end":{"line":81,"column":3}},{"start":{},"end":{}}],"line":79},"16":{"loc":{"start":{"line":85,"column":2},"end":{"line":87,"column":3}},"type":"if","locations":[{"start":{"line":85,"column":2},"end":{"line":87,"column":3}},{"start":{},"end":{}}],"line":85},"17":{"loc":{"start":{"line":90,"column":2},"end":{"line":92,"column":3}},"type":"if","locations":[{"start":{"line":90,"column":2},"end":{"line":92,"column":3}},{"start":{},"end":{}}],"line":90},"18":{"loc":{"start":{"line":103,"column":2},"end":{"line":105,"column":3}},"type":"if","locations":[{"start":{"line":103,"column":2},"end":{"line":105,"column":3}},{"start":{},"end":{}}],"line":103},"19":{"loc":{"start":{"line":116,"column":2},"end":{"line":118,"column":3}},"type":"if","locations":[{"start":{"line":116,"column":2},"end":{"line":118,"column":3}},{"start":{},"end":{}}],"line":116},"20":{"loc":{"start":{"line":127,"column":2},"end":{"line":127,"column":20}},"type":"if","locations":[{"start":{"line":127,"column":2},"end":{"line":127,"column":20}},{"start":{},"end":{}}],"line":127},"21":{"loc":{"start":{"line":144,"column":2},"end":{"line":146,"column":3}},"type":"if","locations":[{"start":{"line":144,"column":2},"end":{"line":146,"column":3}},{"start":{},"end":{}}],"line":144},"22":{"loc":{"start":{"line":144,"column":6},"end":{"line":144,"column":58}},"type":"binary-expr","locations":[{"start":{"line":144,"column":6},"end":{"line":144,"column":11}},{"start":{"line":144,"column":15},"end":{"line":144,"column":58}}],"line":144}},"s":{"0":1,"1":1,"2":1,"3":1,"4":1,"5":1,"6":1,"7":12,"8":1,"9":11,"10":1,"11":10,"12":10,"13":1,"14":9,"15":1,"16":8,"17":5,"18":1,"19":4,"20":1,"21":3,"22":1,"23":5,"24":5,"25":1,"26":4,"27":4,"28":4,"29":4,"30":4,"31":4,"32":1,"33":3,"34":3,"35":2,"36":2,"37":1,"38":1,"39":2,"40":2,"41":2,"42":1,"43":5,"44":5,"45":1,"46":4,"47":4,"48":1,"49":3,"50":1,"51":2,"52":2,"53":2,"54":2,"55":2,"56":1,"57":1,"58":1,"59":2,"60":2,"61":2,"62":1,"63":1,"64":1,"65":1,"66":2,"67":2,"68":1,"69":1,"70":1,"71":1,"72":1,"73":1,"74":1,"75":1,"76":3,"77":3,"78":3,"79":2,"80":1,"81":1},"f":{"0":12,"1":5,"2":2,"3":2,"4":3},"b":{"0":[1,11],"1":[1,10],"2":[11,11],"3":[1,9],"4":[1,8],"5":[9,6],"6":[5,3],"7":[1,4],"8":[1,3],"9":[4,4,3],"10":[1,2],"11":[1,4],"12":[1,3],"13":[2,1],"14":[1,1],"15":[1,4],"16":[1,3],"17":[1,2],"18":[1,1],"19":[1,1],"20":[1,1],"21":[2,1],"22":[3,2]},"_coverageSchema":"1a1c01bbd47fc00a2c39e90264f33305004495a9","hash":"9b1382cd69a1c86533e81febcf2d74b9038734c0"}
}
