{"/home/lisa/Documents/DEV/Project_master/auth-service/src/controllers/authController.js": {"path":"/home/lisa/Documents/DEV/Project_master/auth-service/src/controllers/authController.js","statementMap":{"0":{"start":{"line":1,"column":20},"end":{"line":1,"column":54}},"1":{"start":{"line":4,"column":0},"end":{"line":12,"column":2}},"2":{"start":{"line":5,"column":2},"end":{"line":11,"column":3}},"3":{"start":{"line":6,"column":86},"end":{"line":6,"column":94}},"4":{"start":{"line":7,"column":4},"end":{"line":7,"column":106}},"5":{"start":{"line":8,"column":4},"end":{"line":8,"column":70}},"6":{"start":{"line":10,"column":4},"end":{"line":10,"column":53}},"7":{"start":{"line":15,"column":0},"end":{"line":23,"column":2}},"8":{"start":{"line":16,"column":2},"end":{"line":22,"column":3}},"9":{"start":{"line":17,"column":32},"end":{"line":17,"column":40}},"10":{"start":{"line":18,"column":42},"end":{"line":18,"column":86}},"11":{"start":{"line":19,"column":4},"end":{"line":19,"column":83}},"12":{"start":{"line":21,"column":4},"end":{"line":21,"column":53}},"13":{"start":{"line":26,"column":0},"end":{"line":34,"column":1}},"14":{"start":{"line":27,"column":2},"end":{"line":33,"column":3}},"15":{"start":{"line":28,"column":22},"end":{"line":28,"column":31}},"16":{"start":{"line":29,"column":4},"end":{"line":29,"column":46}},"17":{"start":{"line":30,"column":4},"end":{"line":30,"column":70}},"18":{"start":{"line":32,"column":4},"end":{"line":32,"column":53}},"19":{"start":{"line":37,"column":0},"end":{"line":45,"column":2}},"20":{"start":{"line":38,"column":2},"end":{"line":44,"column":3}},"21":{"start":{"line":39,"column":22},"end":{"line":39,"column":30}},"22":{"start":{"line":40,"column":4},"end":{"line":40,"column":50}},"23":{"start":{"line":41,"column":4},"end":{"line":41,"column":83}},"24":{"start":{"line":43,"column":4},"end":{"line":43,"column":53}},"25":{"start":{"line":48,"column":0},"end":{"line":56,"column":1}},"26":{"start":{"line":49,"column":2},"end":{"line":55,"column":3}},"27":{"start":{"line":50,"column":35},"end":{"line":50,"column":43}},"28":{"start":{"line":51,"column":4},"end":{"line":51,"column":56}},"29":{"start":{"line":52,"column":4},"end":{"line":52,"column":72}},"30":{"start":{"line":54,"column":4},"end":{"line":54,"column":53}},"31":{"start":{"line":59,"column":0},"end":{"line":70,"column":2}},"32":{"start":{"line":60,"column":16},"end":{"line":60,"column":31}},"33":{"start":{"line":61,"column":2},"end":{"line":61,"column":77}},"34":{"start":{"line":61,"column":14},"end":{"line":61,"column":77}},"35":{"start":{"line":63,"column":2},"end":{"line":69,"column":3}},"36":{"start":{"line":64,"column":42},"end":{"line":64,"column":79}},"37":{"start":{"line":65,"column":4},"end":{"line":65,"column":63}},"38":{"start":{"line":67,"column":4},"end":{"line":67,"column":97}},"39":{"start":{"line":67,"column":40},"end":{"line":67,"column":97}},"40":{"start":{"line":68,"column":4},"end":{"line":68,"column":68}}},"fnMap":{"0":{"name":"(anonymous_0)","decl":{"start":{"line":4,"column":19},"end":{"line":4,"column":20}},"loc":{"start":{"line":4,"column":39},"end":{"line":12,"column":1}},"line":4},"1":{"name":"(anonymous_1)","decl":{"start":{"line":15,"column":16},"end":{"line":15,"column":17}},"loc":{"start":{"line":15,"column":36},"end":{"line":23,"column":1}},"line":15},"2":{"name":"(anonymous_2)","decl":{"start":{"line":26,"column":22},"end":{"line":26,"column":23}},"loc":{"start":{"line":26,"column":42},"end":{"line":34,"column":1}},"line":26},"3":{"name":"(anonymous_3)","decl":{"start":{"line":37,"column":32},"end":{"line":37,"column":33}},"loc":{"start":{"line":37,"column":52},"end":{"line":45,"column":1}},"line":37},"4":{"name":"(anonymous_4)","decl":{"start":{"line":48,"column":24},"end":{"line":48,"column":25}},"loc":{"start":{"line":48,"column":44},"end":{"line":56,"column":1}},"line":48},"5":{"name":"(anonymous_5)","decl":{"start":{"line":59,"column":23},"end":{"line":59,"column":24}},"loc":{"start":{"line":59,"column":43},"end":{"line":70,"column":1}},"line":59}},"branchMap":{"0":{"loc":{"start":{"line":61,"column":2},"end":{"line":61,"column":77}},"type":"if","locations":[{"start":{"line":61,"column":2},"end":{"line":61,"column":77}},{"start":{},"end":{}}],"line":61},"1":{"loc":{"start":{"line":67,"column":4},"end":{"line":67,"column":97}},"type":"if","locations":[{"start":{"line":67,"column":4},"end":{"line":67,"column":97}},{"start":{},"end":{}}],"line":67}},"s":{"0":1,"1":1,"2":2,"3":2,"4":2,"5":1,"6":1,"7":1,"8":2,"9":2,"10":2,"11":1,"12":1,"13":1,"14":2,"15":2,"16":2,"17":1,"18":1,"19":1,"20":2,"21":2,"22":2,"23":1,"24":1,"25":1,"26":2,"27":2,"28":2,"29":1,"30":1,"31":1,"32":4,"33":4,"34":1,"35":3,"36":3,"37":1,"38":2,"39":1,"40":1},"f":{"0":2,"1":2,"2":2,"3":2,"4":2,"5":4},"b":{"0":[1,3],"1":[1,1]},"_coverageSchema":"1a1c01bbd47fc00a2c39e90264f33305004495a9","hash":"505951fc142b6e4ea1ed7f8701bca197cb3de8ce"}
,"/home/lisa/Documents/DEV/Project_master/auth-service/src/services/authService.js": {"path":"/home/lisa/Documents/DEV/Project_master/auth-service/src/services/authService.js","statementMap":{"0":{"start":{"line":1,"column":18},"end":{"line":1,"column":48}},"1":{"start":{"line":2,"column":15},"end":{"line":2,"column":32}},"2":{"start":{"line":3,"column":18},"end":{"line":3,"column":53}},"3":{"start":{"line":4,"column":15},"end":{"line":4,"column":32}},"4":{"start":{"line":5,"column":15},"end":{"line":5,"column":41}},"5":{"start":{"line":6,"column":18},"end":{"line":6,"column":38}},"6":{"start":{"line":9,"column":0},"end":{"line":73,"column":2}},"7":{"start":{"line":11,"column":2},"end":{"line":13,"column":3}},"8":{"start":{"line":12,"column":4},"end":{"line":12,"column":46}},"9":{"start":{"line":16,"column":2},"end":{"line":18,"column":3}},"10":{"start":{"line":17,"column":4},"end":{"line":17,"column":75}},"11":{"start":{"line":20,"column":30},"end":{"line":20,"column":80}},"12":{"start":{"line":21,"column":2},"end":{"line":23,"column":3}},"13":{"start":{"line":22,"column":4},"end":{"line":22,"column":118}},"14":{"start":{"line":26,"column":2},"end":{"line":28,"column":3}},"15":{"start":{"line":27,"column":4},"end":{"line":27,"column":64}},"16":{"start":{"line":31,"column":2},"end":{"line":39,"column":3}},"17":{"start":{"line":32,"column":4},"end":{"line":32,"column":93}},"18":{"start":{"line":32,"column":18},"end":{"line":32,"column":93}},"19":{"start":{"line":33,"column":4},"end":{"line":35,"column":5}},"20":{"start":{"line":34,"column":6},"end":{"line":34,"column":95}},"21":{"start":{"line":36,"column":4},"end":{"line":38,"column":5}},"22":{"start":{"line":37,"column":6},"end":{"line":37,"column":83}},"23":{"start":{"line":42,"column":23},"end":{"line":42,"column":57}},"24":{"start":{"line":43,"column":2},"end":{"line":45,"column":3}},"25":{"start":{"line":44,"column":4},"end":{"line":44,"column":44}},"26":{"start":{"line":48,"column":24},"end":{"line":48,"column":55}},"27":{"start":{"line":51,"column":21},"end":{"line":51,"column":59}},"28":{"start":{"line":52,"column":25},"end":{"line":52,"column":51}},"29":{"start":{"line":53,"column":25},"end":{"line":53,"column":67}},"30":{"start":{"line":56,"column":18},"end":{"line":56,"column":143}},"31":{"start":{"line":57,"column":2},"end":{"line":59,"column":3}},"32":{"start":{"line":58,"column":4},"end":{"line":58,"column":49}},"33":{"start":{"line":60,"column":2},"end":{"line":60,"column":53}},"34":{"start":{"line":63,"column":2},"end":{"line":68,"column":3}},"35":{"start":{"line":64,"column":24},"end":{"line":64,"column":74}},"36":{"start":{"line":65,"column":4},"end":{"line":67,"column":5}},"37":{"start":{"line":66,"column":6},"end":{"line":66,"column":54}},"38":{"start":{"line":71,"column":24},"end":{"line":71,"column":82}},"39":{"start":{"line":72,"column":2},"end":{"line":72,"column":57}},"40":{"start":{"line":76,"column":0},"end":{"line":111,"column":2}},"41":{"start":{"line":78,"column":15},"end":{"line":78,"column":49}},"42":{"start":{"line":79,"column":2},"end":{"line":81,"column":3}},"43":{"start":{"line":80,"column":4},"end":{"line":80,"column":40}},"44":{"start":{"line":84,"column":24},"end":{"line":84,"column":74}},"45":{"start":{"line":85,"column":2},"end":{"line":87,"column":3}},"46":{"start":{"line":86,"column":4},"end":{"line":86,"column":43}},"47":{"start":{"line":90,"column":2},"end":{"line":92,"column":3}},"48":{"start":{"line":91,"column":4},"end":{"line":91,"column":42}},"49":{"start":{"line":95,"column":22},"end":{"line":95,"column":57}},"50":{"start":{"line":96,"column":23},"end":{"line":96,"column":59}},"51":{"start":{"line":97,"column":27},"end":{"line":97,"column":55}},"52":{"start":{"line":100,"column":26},"end":{"line":100,"column":87}},"53":{"start":{"line":103,"column":2},"end":{"line":105,"column":3}},"54":{"start":{"line":104,"column":4},"end":{"line":104,"column":58}},"55":{"start":{"line":107,"column":2},"end":{"line":110,"column":4}},"56":{"start":{"line":114,"column":0},"end":{"line":123,"column":2}},"57":{"start":{"line":115,"column":20},"end":{"line":115,"column":41}},"58":{"start":{"line":116,"column":14},"end":{"line":116,"column":57}},"59":{"start":{"line":117,"column":2},"end":{"line":119,"column":3}},"60":{"start":{"line":118,"column":4},"end":{"line":118,"column":48}},"61":{"start":{"line":121,"column":2},"end":{"line":121,"column":44}},"62":{"start":{"line":122,"column":2},"end":{"line":122,"column":43}},"63":{"start":{"line":126,"column":0},"end":{"line":138,"column":1}},"64":{"start":{"line":127,"column":15},"end":{"line":127,"column":49}},"65":{"start":{"line":128,"column":2},"end":{"line":128,"column":20}},"66":{"start":{"line":128,"column":13},"end":{"line":128,"column":20}},"67":{"start":{"line":130,"column":21},"end":{"line":130,"column":59}},"68":{"start":{"line":131,"column":25},"end":{"line":131,"column":51}},"69":{"start":{"line":132,"column":20},"end":{"line":132,"column":57}},"70":{"start":{"line":134,"column":2},"end":{"line":134,"column":68}},"71":{"start":{"line":136,"column":19},"end":{"line":136,"column":79}},"72":{"start":{"line":137,"column":2},"end":{"line":137,"column":55}},"73":{"start":{"line":141,"column":0},"end":{"line":151,"column":1}},"74":{"start":{"line":142,"column":20},"end":{"line":142,"column":41}},"75":{"start":{"line":143,"column":15},"end":{"line":143,"column":58}},"76":{"start":{"line":145,"column":2},"end":{"line":147,"column":3}},"77":{"start":{"line":146,"column":4},"end":{"line":146,"column":48}},"78":{"start":{"line":149,"column":18},"end":{"line":149,"column":52}},"79":{"start":{"line":150,"column":2},"end":{"line":150,"column":55}},"80":{"start":{"line":154,"column":0},"end":{"line":188,"column":2}},"81":{"start":{"line":157,"column":2},"end":{"line":165,"column":3}},"82":{"start":{"line":158,"column":4},"end":{"line":158,"column":50}},"83":{"start":{"line":159,"column":4},"end":{"line":159,"column":71}},"84":{"start":{"line":159,"column":35},"end":{"line":159,"column":71}},"85":{"start":{"line":161,"column":4},"end":{"line":163,"column":5}},"86":{"start":{"line":162,"column":16},"end":{"line":162,"column":43}},"87":{"start":{"line":162,"column":45},"end":{"line":162,"column":72}},"88":{"start":{"line":162,"column":73},"end":{"line":162,"column":81}},"89":{"start":{"line":164,"column":14},"end":{"line":164,"column":48}},"90":{"start":{"line":164,"column":50},"end":{"line":164,"column":77}},"91":{"start":{"line":164,"column":78},"end":{"line":164,"column":86}},"92":{"start":{"line":167,"column":15},"end":{"line":167,"column":52}},"93":{"start":{"line":168,"column":2},"end":{"line":170,"column":3}},"94":{"start":{"line":169,"column":14},"end":{"line":169,"column":48}},"95":{"start":{"line":169,"column":50},"end":{"line":169,"column":77}},"96":{"start":{"line":169,"column":78},"end":{"line":169,"column":86}},"97":{"start":{"line":172,"column":15},"end":{"line":172,"column":36}},"98":{"start":{"line":173,"column":2},"end":{"line":175,"column":3}},"99":{"start":{"line":174,"column":14},"end":{"line":174,"column":48}},"100":{"start":{"line":174,"column":50},"end":{"line":174,"column":78}},"101":{"start":{"line":174,"column":79},"end":{"line":174,"column":87}},"102":{"start":{"line":178,"column":22},"end":{"line":178,"column":57}},"103":{"start":{"line":179,"column":21},"end":{"line":179,"column":57}},"104":{"start":{"line":180,"column":18},"end":{"line":180,"column":44}},"105":{"start":{"line":182,"column":18},"end":{"line":182,"column":70}},"106":{"start":{"line":183,"column":2},"end":{"line":185,"column":3}},"107":{"start":{"line":184,"column":14},"end":{"line":184,"column":51}},"108":{"start":{"line":184,"column":53},"end":{"line":184,"column":78}},"109":{"start":{"line":184,"column":79},"end":{"line":184,"column":87}},"110":{"start":{"line":187,"column":2},"end":{"line":187,"column":51}}},"fnMap":{"0":{"name":"(anonymous_0)","decl":{"start":{"line":9,"column":23},"end":{"line":9,"column":24}},"loc":{"start":{"line":9,"column":104},"end":{"line":73,"column":1}},"line":9},"1":{"name":"(anonymous_1)","decl":{"start":{"line":76,"column":20},"end":{"line":76,"column":21}},"loc":{"start":{"line":76,"column":47},"end":{"line":111,"column":1}},"line":76},"2":{"name":"(anonymous_2)","decl":{"start":{"line":114,"column":27},"end":{"line":114,"column":28}},"loc":{"start":{"line":114,"column":44},"end":{"line":123,"column":1}},"line":114},"3":{"name":"(anonymous_3)","decl":{"start":{"line":126,"column":32},"end":{"line":126,"column":33}},"loc":{"start":{"line":126,"column":49},"end":{"line":138,"column":1}},"line":126},"4":{"name":"(anonymous_4)","decl":{"start":{"line":141,"column":24},"end":{"line":141,"column":25}},"loc":{"start":{"line":141,"column":54},"end":{"line":151,"column":1}},"line":141},"5":{"name":"(anonymous_5)","decl":{"start":{"line":154,"column":23},"end":{"line":154,"column":24}},"loc":{"start":{"line":154,"column":40},"end":{"line":188,"column":1}},"line":154}},"branchMap":{"0":{"loc":{"start":{"line":11,"column":2},"end":{"line":13,"column":3}},"type":"if","locations":[{"start":{"line":11,"column":2},"end":{"line":13,"column":3}},{"start":{},"end":{}}],"line":11},"1":{"loc":{"start":{"line":16,"column":2},"end":{"line":18,"column":3}},"type":"if","locations":[{"start":{"line":16,"column":2},"end":{"line":18,"column":3}},{"start":{},"end":{}}],"line":16},"2":{"loc":{"start":{"line":16,"column":6},"end":{"line":16,"column":57}},"type":"binary-expr","locations":[{"start":{"line":16,"column":6},"end":{"line":16,"column":34}},{"start":{"line":16,"column":38},"end":{"line":16,"column":57}}],"line":16},"3":{"loc":{"start":{"line":21,"column":2},"end":{"line":23,"column":3}},"type":"if","locations":[{"start":{"line":21,"column":2},"end":{"line":23,"column":3}},{"start":{},"end":{}}],"line":21},"4":{"loc":{"start":{"line":26,"column":2},"end":{"line":28,"column":3}},"type":"if","locations":[{"start":{"line":26,"column":2},"end":{"line":28,"column":3}},{"start":{},"end":{}}],"line":26},"5":{"loc":{"start":{"line":26,"column":6},"end":{"line":26,"column":39}},"type":"binary-expr","locations":[{"start":{"line":26,"column":6},"end":{"line":26,"column":21}},{"start":{"line":26,"column":25},"end":{"line":26,"column":39}}],"line":26},"6":{"loc":{"start":{"line":31,"column":2},"end":{"line":39,"column":3}},"type":"if","locations":[{"start":{"line":31,"column":2},"end":{"line":39,"column":3}},{"start":{},"end":{}}],"line":31},"7":{"loc":{"start":{"line":32,"column":4},"end":{"line":32,"column":93}},"type":"if","locations":[{"start":{"line":32,"column":4},"end":{"line":32,"column":93}},{"start":{},"end":{}}],"line":32},"8":{"loc":{"start":{"line":33,"column":4},"end":{"line":35,"column":5}},"type":"if","locations":[{"start":{"line":33,"column":4},"end":{"line":35,"column":5}},{"start":{},"end":{}}],"line":33},"9":{"loc":{"start":{"line":33,"column":8},"end":{"line":33,"column":65}},"type":"binary-expr","locations":[{"start":{"line":33,"column":8},"end":{"line":33,"column":21}},{"start":{"line":33,"column":25},"end":{"line":33,"column":45}},{"start":{"line":33,"column":49},"end":{"line":33,"column":65}}],"line":33},"10":{"loc":{"start":{"line":36,"column":4},"end":{"line":38,"column":5}},"type":"if","locations":[{"start":{"line":36,"column":4},"end":{"line":38,"column":5}},{"start":{},"end":{}}],"line":36},"11":{"loc":{"start":{"line":43,"column":2},"end":{"line":45,"column":3}},"type":"if","locations":[{"start":{"line":43,"column":2},"end":{"line":45,"column":3}},{"start":{},"end":{}}],"line":43},"12":{"loc":{"start":{"line":57,"column":2},"end":{"line":59,"column":3}},"type":"if","locations":[{"start":{"line":57,"column":2},"end":{"line":59,"column":3}},{"start":{},"end":{}}],"line":57},"13":{"loc":{"start":{"line":63,"column":2},"end":{"line":68,"column":3}},"type":"if","locations":[{"start":{"line":63,"column":2},"end":{"line":68,"column":3}},{"start":{},"end":{}}],"line":63},"14":{"loc":{"start":{"line":65,"column":4},"end":{"line":67,"column":5}},"type":"if","locations":[{"start":{"line":65,"column":4},"end":{"line":67,"column":5}},{"start":{},"end":{}}],"line":65},"15":{"loc":{"start":{"line":79,"column":2},"end":{"line":81,"column":3}},"type":"if","locations":[{"start":{"line":79,"column":2},"end":{"line":81,"column":3}},{"start":{},"end":{}}],"line":79},"16":{"loc":{"start":{"line":85,"column":2},"end":{"line":87,"column":3}},"type":"if","locations":[{"start":{"line":85,"column":2},"end":{"line":87,"column":3}},{"start":{},"end":{}}],"line":85},"17":{"loc":{"start":{"line":90,"column":2},"end":{"line":92,"column":3}},"type":"if","locations":[{"start":{"line":90,"column":2},"end":{"line":92,"column":3}},{"start":{},"end":{}}],"line":90},"18":{"loc":{"start":{"line":103,"column":2},"end":{"line":105,"column":3}},"type":"if","locations":[{"start":{"line":103,"column":2},"end":{"line":105,"column":3}},{"start":{},"end":{}}],"line":103},"19":{"loc":{"start":{"line":117,"column":2},"end":{"line":119,"column":3}},"type":"if","locations":[{"start":{"line":117,"column":2},"end":{"line":119,"column":3}},{"start":{},"end":{}}],"line":117},"20":{"loc":{"start":{"line":128,"column":2},"end":{"line":128,"column":20}},"type":"if","locations":[{"start":{"line":128,"column":2},"end":{"line":128,"column":20}},{"start":{},"end":{}}],"line":128},"21":{"loc":{"start":{"line":145,"column":2},"end":{"line":147,"column":3}},"type":"if","locations":[{"start":{"line":145,"column":2},"end":{"line":147,"column":3}},{"start":{},"end":{}}],"line":145},"22":{"loc":{"start":{"line":145,"column":6},"end":{"line":145,"column":58}},"type":"binary-expr","locations":[{"start":{"line":145,"column":6},"end":{"line":145,"column":11}},{"start":{"line":145,"column":15},"end":{"line":145,"column":58}}],"line":145},"23":{"loc":{"start":{"line":159,"column":4},"end":{"line":159,"column":71}},"type":"if","locations":[{"start":{"line":159,"column":4},"end":{"line":159,"column":71}},{"start":{},"end":{}}],"line":159},"24":{"loc":{"start":{"line":161,"column":4},"end":{"line":163,"column":5}},"type":"if","locations":[{"start":{"line":161,"column":4},"end":{"line":163,"column":5}},{"start":{},"end":{}}],"line":161},"25":{"loc":{"start":{"line":168,"column":2},"end":{"line":170,"column":3}},"type":"if","locations":[{"start":{"line":168,"column":2},"end":{"line":170,"column":3}},{"start":{},"end":{}}],"line":168},"26":{"loc":{"start":{"line":173,"column":2},"end":{"line":175,"column":3}},"type":"if","locations":[{"start":{"line":173,"column":2},"end":{"line":175,"column":3}},{"start":{},"end":{}}],"line":173},"27":{"loc":{"start":{"line":173,"column":6},"end":{"line":173,"column":48}},"type":"binary-expr","locations":[{"start":{"line":173,"column":6},"end":{"line":173,"column":21}},{"start":{"line":173,"column":25},"end":{"line":173,"column":48}}],"line":173},"28":{"loc":{"start":{"line":183,"column":2},"end":{"line":185,"column":3}},"type":"if","locations":[{"start":{"line":183,"column":2},"end":{"line":185,"column":3}},{"start":{},"end":{}}],"line":183}},"s":{"0":1,"1":1,"2":1,"3":1,"4":1,"5":1,"6":1,"7":12,"8":1,"9":11,"10":1,"11":10,"12":10,"13":1,"14":9,"15":1,"16":8,"17":5,"18":1,"19":4,"20":1,"21":3,"22":1,"23":5,"24":5,"25":1,"26":4,"27":4,"28":4,"29":4,"30":4,"31":4,"32":1,"33":3,"34":3,"35":2,"36":2,"37":1,"38":2,"39":2,"40":1,"41":5,"42":5,"43":1,"44":4,"45":4,"46":1,"47":3,"48":1,"49":2,"50":2,"51":2,"52":2,"53":2,"54":1,"55":1,"56":1,"57":2,"58":2,"59":2,"60":1,"61":1,"62":1,"63":1,"64":2,"65":2,"66":1,"67":1,"68":1,"69":1,"70":1,"71":1,"72":1,"73":1,"74":3,"75":3,"76":3,"77":2,"78":1,"79":1,"80":1,"81":7,"82":7,"83":5,"84":1,"85":3,"86":1,"87":1,"88":1,"89":2,"90":2,"91":2,"92":4,"93":4,"94":1,"95":1,"96":1,"97":3,"98":3,"99":1,"100":1,"101":1,"102":2,"103":2,"104":2,"105":2,"106":2,"107":1,"108":1,"109":1,"110":1},"f":{"0":12,"1":5,"2":2,"3":2,"4":3,"5":7},"b":{"0":[1,11],"1":[1,10],"2":[11,11],"3":[1,9],"4":[1,8],"5":[9,6],"6":[5,3],"7":[1,4],"8":[1,3],"9":[4,4,3],"10":[1,2],"11":[1,4],"12":[1,3],"13":[2,1],"14":[1,1],"15":[1,4],"16":[1,3],"17":[1,2],"18":[1,1],"19":[1,1],"20":[1,1],"21":[2,1],"22":[3,2],"23":[1,4],"24":[1,2],"25":[1,3],"26":[1,2],"27":[3,3],"28":[1,1]},"_coverageSchema":"1a1c01bbd47fc00a2c39e90264f33305004495a9","hash":"9c0cdee6f18e9f3ee0fd5595b4a61f67ed001737"}
}
