TN:
SF:src/controllers/authController.js
FN:4,(anonymous_0)
FN:15,(anonymous_1)
FN:26,(anonymous_2)
FN:37,(anonymous_3)
FN:48,(anonymous_4)
FN:59,(anonymous_5)
FNF:6
FNH:6
FNDA:2,(anonymous_0)
FNDA:2,(anonymous_1)
FNDA:2,(anonymous_2)
FNDA:2,(anonymous_3)
FNDA:2,(anonymous_4)
FNDA:4,(anonymous_5)
DA:1,1
DA:4,1
DA:5,2
DA:6,2
DA:7,2
DA:8,1
DA:10,1
DA:15,1
DA:16,2
DA:17,2
DA:18,2
DA:19,1
DA:21,1
DA:26,1
DA:27,2
DA:28,2
DA:29,2
DA:30,1
DA:32,1
DA:37,1
DA:38,2
DA:39,2
DA:40,2
DA:41,1
DA:43,1
DA:48,1
DA:49,2
DA:50,2
DA:51,2
DA:52,1
DA:54,1
DA:59,1
DA:60,4
DA:61,4
DA:63,3
DA:64,3
DA:65,1
DA:67,2
DA:68,1
LF:39
LH:39
BRDA:61,0,0,1
BRDA:61,0,1,3
BRDA:67,1,0,1
BRDA:67,1,1,1
BRF:4
BRH:4
end_of_record
TN:
SF:src/services/authService.js
FN:9,(anonymous_0)
FN:76,(anonymous_1)
FN:114,(anonymous_2)
FN:126,(anonymous_3)
FN:141,(anonymous_4)
FN:154,(anonymous_5)
FNF:6
FNH:6
FNDA:12,(anonymous_0)
FNDA:5,(anonymous_1)
FNDA:2,(anonymous_2)
FNDA:2,(anonymous_3)
FNDA:3,(anonymous_4)
FNDA:7,(anonymous_5)
DA:1,1
DA:2,1
DA:3,1
DA:4,1
DA:5,1
DA:6,1
DA:9,1
DA:11,12
DA:12,1
DA:16,11
DA:17,1
DA:20,10
DA:21,10
DA:22,1
DA:26,9
DA:27,1
DA:31,8
DA:32,5
DA:33,4
DA:34,1
DA:36,3
DA:37,1
DA:42,5
DA:43,5
DA:44,1
DA:48,4
DA:51,4
DA:52,4
DA:53,4
DA:56,4
DA:57,4
DA:58,1
DA:60,3
DA:63,3
DA:64,2
DA:65,2
DA:66,1
DA:71,2
DA:72,2
DA:76,1
DA:78,5
DA:79,5
DA:80,1
DA:84,4
DA:85,4
DA:86,1
DA:90,3
DA:91,1
DA:95,2
DA:96,2
DA:97,2
DA:100,2
DA:103,2
DA:104,1
DA:107,1
DA:114,1
DA:115,2
DA:116,2
DA:117,2
DA:118,1
DA:121,1
DA:122,1
DA:126,1
DA:127,2
DA:128,2
DA:130,1
DA:131,1
DA:132,1
DA:134,1
DA:136,1
DA:137,1
DA:141,1
DA:142,3
DA:143,3
DA:145,3
DA:146,2
DA:149,1
DA:150,1
DA:154,1
DA:157,7
DA:158,7
DA:159,5
DA:161,3
DA:162,1
DA:164,2
DA:167,4
DA:168,4
DA:169,1
DA:172,3
DA:173,3
DA:174,1
DA:178,2
DA:179,2
DA:180,2
DA:182,2
DA:183,2
DA:184,1
DA:187,1
LF:98
LH:98
BRDA:11,0,0,1
BRDA:11,0,1,11
BRDA:16,1,0,1
BRDA:16,1,1,10
BRDA:16,2,0,11
BRDA:16,2,1,11
BRDA:21,3,0,1
BRDA:21,3,1,9
BRDA:26,4,0,1
BRDA:26,4,1,8
BRDA:26,5,0,9
BRDA:26,5,1,6
BRDA:31,6,0,5
BRDA:31,6,1,3
BRDA:32,7,0,1
BRDA:32,7,1,4
BRDA:33,8,0,1
BRDA:33,8,1,3
BRDA:33,9,0,4
BRDA:33,9,1,4
BRDA:33,9,2,3
BRDA:36,10,0,1
BRDA:36,10,1,2
BRDA:43,11,0,1
BRDA:43,11,1,4
BRDA:57,12,0,1
BRDA:57,12,1,3
BRDA:63,13,0,2
BRDA:63,13,1,1
BRDA:65,14,0,1
BRDA:65,14,1,1
BRDA:79,15,0,1
BRDA:79,15,1,4
BRDA:85,16,0,1
BRDA:85,16,1,3
BRDA:90,17,0,1
BRDA:90,17,1,2
BRDA:103,18,0,1
BRDA:103,18,1,1
BRDA:117,19,0,1
BRDA:117,19,1,1
BRDA:128,20,0,1
BRDA:128,20,1,1
BRDA:145,21,0,2
BRDA:145,21,1,1
BRDA:145,22,0,3
BRDA:145,22,1,2
BRDA:159,23,0,1
BRDA:159,23,1,4
BRDA:161,24,0,1
BRDA:161,24,1,2
BRDA:168,25,0,1
BRDA:168,25,1,3
BRDA:173,26,0,1
BRDA:173,26,1,2
BRDA:173,27,0,3
BRDA:173,27,1,3
BRDA:183,28,0,1
BRDA:183,28,1,1
BRF:59
BRH:59
end_of_record
