TN:
SF:src/controllers/authController.js
FN:4,(anonymous_0)
FN:15,(anonymous_1)
FN:26,(anonymous_2)
FN:38,(anonymous_3)
FN:49,(anonymous_4)
FNF:5
FNH:5
FNDA:2,(anonymous_0)
FNDA:2,(anonymous_1)
FNDA:2,(anonymous_2)
FNDA:2,(anonymous_3)
FNDA:2,(anonymous_4)
DA:1,1
DA:4,1
DA:5,2
DA:6,2
DA:7,2
DA:8,1
DA:10,1
DA:15,1
DA:16,2
DA:17,2
DA:18,2
DA:19,1
DA:21,1
DA:26,1
DA:27,2
DA:28,2
DA:29,2
DA:30,2
DA:31,1
DA:33,1
DA:38,1
DA:39,2
DA:40,2
DA:41,2
DA:42,1
DA:44,1
DA:49,1
DA:50,2
DA:51,2
DA:52,2
DA:53,2
DA:54,1
DA:56,1
LF:33
LH:33
BRF:0
BRH:0
end_of_record
TN:
SF:src/services/authService.js
FN:8,(anonymous_0)
FN:76,(anonymous_1)
FN:113,(anonymous_2)
FN:125,(anonymous_3)
FN:140,(anonymous_4)
FNF:5
FNH:5
FNDA:12,(anonymous_0)
FNDA:5,(anonymous_1)
FNDA:2,(anonymous_2)
FNDA:2,(anonymous_3)
FNDA:3,(anonymous_4)
DA:1,1
DA:2,1
DA:3,1
DA:4,1
DA:5,1
DA:6,1
DA:8,1
DA:10,12
DA:11,1
DA:15,11
DA:16,1
DA:19,10
DA:20,10
DA:21,1
DA:25,9
DA:26,1
DA:30,8
DA:31,5
DA:32,4
DA:33,1
DA:35,3
DA:36,1
DA:41,5
DA:42,5
DA:43,1
DA:47,4
DA:50,4
DA:51,4
DA:52,4
DA:55,4
DA:56,4
DA:57,1
DA:59,3
DA:62,3
DA:63,2
DA:64,2
DA:65,1
DA:67,1
DA:71,2
DA:72,2
DA:73,2
DA:76,1
DA:78,5
DA:79,5
DA:80,1
DA:84,4
DA:85,4
DA:86,1
DA:90,3
DA:91,1
DA:95,2
DA:96,2
DA:99,2
DA:100,2
DA:103,2
DA:104,1
DA:107,1
DA:113,1
DA:114,2
DA:115,2
DA:116,2
DA:117,1
DA:120,1
DA:121,1
DA:125,1
DA:126,2
DA:127,2
DA:129,1
DA:130,1
DA:131,1
DA:133,1
DA:135,1
DA:136,1
DA:140,1
DA:141,3
DA:142,3
DA:144,3
DA:145,2
DA:148,1
DA:149,1
LF:80
LH:80
BRDA:10,0,0,1
BRDA:10,0,1,11
BRDA:15,1,0,1
BRDA:15,1,1,10
BRDA:15,2,0,11
BRDA:15,2,1,11
BRDA:20,3,0,1
BRDA:20,3,1,9
BRDA:25,4,0,1
BRDA:25,4,1,8
BRDA:25,5,0,9
BRDA:25,5,1,6
BRDA:30,6,0,5
BRDA:30,6,1,3
BRDA:31,7,0,1
BRDA:31,7,1,4
BRDA:32,8,0,1
BRDA:32,8,1,3
BRDA:32,9,0,4
BRDA:32,9,1,4
BRDA:32,9,2,3
BRDA:35,10,0,1
BRDA:35,10,1,2
BRDA:42,11,0,1
BRDA:42,11,1,4
BRDA:56,12,0,1
BRDA:56,12,1,3
BRDA:62,13,0,2
BRDA:62,13,1,1
BRDA:64,14,0,1
BRDA:64,14,1,1
BRDA:79,15,0,1
BRDA:79,15,1,4
BRDA:85,16,0,1
BRDA:85,16,1,3
BRDA:90,17,0,1
BRDA:90,17,1,2
BRDA:103,18,0,1
BRDA:103,18,1,1
BRDA:116,19,0,1
BRDA:116,19,1,1
BRDA:127,20,0,1
BRDA:127,20,1,1
BRDA:144,21,0,2
BRDA:144,21,1,1
BRDA:144,22,0,3
BRDA:144,22,1,2
BRF:47
BRH:47
end_of_record
